{"level":"info","message":"Initializing database schema...","service":"devsync-backend","timestamp":"2025-10-30 18:57:10"}
{"level":"info","message":"Database schema initialized successfully","service":"devsync-backend","timestamp":"2025-10-30 18:57:10"}
{"level":"warn","message":"JWT_SECRET not set in environment. Using random secret. This will invalidate tokens on restart!","service":"devsync-backend","timestamp":"2025-10-30 18:57:10"}
{"level":"info","message":"SQLite database initialized successfully","service":"devsync-backend","timestamp":"2025-10-30 18:57:10"}
{"level":"info","message":"WebSocket server initialized on /ws","service":"devsync-backend","timestamp":"2025-10-30 18:57:10"}
{"error":"listen EADDRINUSE: address already in use :::8787","level":"error","message":"Uncaught exception","service":"devsync-backend","stack":"Error: listen EADDRINUSE: address already in use :::8787\n    at Server.setupListenHandle [as _listen2] (node:net:1940:16)\n    at listenInCluster (node:net:1997:12)\n    at Server.listen (node:net:2102:7)\n    at file:///C:/Projects/DevSync/backend/server.js:85:8","timestamp":"2025-10-30 18:57:10"}
{"level":"info","message":"Initializing database schema...","service":"devsync-backend","timestamp":"2025-10-31 09:41:09"}
{"level":"info","message":"Database schema initialized successfully","service":"devsync-backend","timestamp":"2025-10-31 09:41:09"}
{"level":"warn","message":"JWT_SECRET not set in environment. Using random secret. This will invalidate tokens on restart!","service":"devsync-backend","timestamp":"2025-10-31 09:41:09"}
{"level":"info","message":"SQLite database initialized successfully","service":"devsync-backend","timestamp":"2025-10-31 09:41:09"}
{"level":"info","message":"WebSocket server initialized on /ws","service":"devsync-backend","timestamp":"2025-10-31 09:41:09"}
{"error":"listen EADDRINUSE: address already in use :::8787","level":"error","message":"Uncaught exception","service":"devsync-backend","stack":"Error: listen EADDRINUSE: address already in use :::8787\n    at Server.setupListenHandle [as _listen2] (node:net:1940:16)\n    at listenInCluster (node:net:1997:12)\n    at Server.listen (node:net:2102:7)\n    at file:///C:/Projects/DevSync/backend/server.js:85:8\n    at process.processTicksAndRejections (node:internal/process/task_queues:105:5)","timestamp":"2025-10-31 09:41:09"}
{"level":"info","message":"Initializing database schema...","service":"devsync-backend","timestamp":"2025-10-31 09:42:11"}
{"level":"info","message":"Database schema initialized successfully","service":"devsync-backend","timestamp":"2025-10-31 09:42:11"}
{"level":"warn","message":"JWT_SECRET not set in environment. Using random secret. This will invalidate tokens on restart!","service":"devsync-backend","timestamp":"2025-10-31 09:42:11"}
{"level":"info","message":"SQLite database initialized successfully","service":"devsync-backend","timestamp":"2025-10-31 09:42:11"}
{"level":"info","message":"WebSocket server initialized on /ws","service":"devsync-backend","timestamp":"2025-10-31 09:42:11"}
{"error":"listen EADDRINUSE: address already in use :::8787","level":"error","message":"Uncaught exception","service":"devsync-backend","stack":"Error: listen EADDRINUSE: address already in use :::8787\n    at Server.setupListenHandle [as _listen2] (node:net:1940:16)\n    at listenInCluster (node:net:1997:12)\n    at Server.listen (node:net:2102:7)\n    at file:///C:/Projects/DevSync/backend/server.js:85:8\n    at process.processTicksAndRejections (node:internal/process/task_queues:105:5)","timestamp":"2025-10-31 09:42:11"}
{"level":"info","message":"Initializing database schema...","service":"devsync-backend","timestamp":"2025-10-31 09:43:56"}
{"level":"info","message":"Database schema initialized successfully","service":"devsync-backend","timestamp":"2025-10-31 09:43:56"}
{"level":"warn","message":"JWT_SECRET not set in environment. Using random secret. This will invalidate tokens on restart!","service":"devsync-backend","timestamp":"2025-10-31 09:43:56"}
{"level":"info","message":"SQLite database initialized successfully","service":"devsync-backend","timestamp":"2025-10-31 09:43:56"}
{"level":"info","message":"WebSocket server initialized on /ws","service":"devsync-backend","timestamp":"2025-10-31 09:43:56"}
{"error":"listen EADDRINUSE: address already in use :::8787","level":"error","message":"Uncaught exception","service":"devsync-backend","stack":"Error: listen EADDRINUSE: address already in use :::8787\n    at Server.setupListenHandle [as _listen2] (node:net:1940:16)\n    at listenInCluster (node:net:1997:12)\n    at Server.listen (node:net:2102:7)\n    at file:///C:/Projects/DevSync/backend/server.js:85:8\n    at process.processTicksAndRejections (node:internal/process/task_queues:105:5)","timestamp":"2025-10-31 09:43:56"}
{"level":"info","message":"Initializing database schema...","service":"devsync-backend","timestamp":"2025-10-31 09:46:31"}
{"level":"info","message":"Database schema initialized successfully","service":"devsync-backend","timestamp":"2025-10-31 09:46:31"}
{"level":"warn","message":"JWT_SECRET not set in environment. Using random secret. This will invalidate tokens on restart!","service":"devsync-backend","timestamp":"2025-10-31 09:46:31"}
{"level":"info","message":"SQLite database initialized successfully","service":"devsync-backend","timestamp":"2025-10-31 09:46:31"}
{"level":"info","message":"WebSocket server initialized on /ws","service":"devsync-backend","timestamp":"2025-10-31 09:46:31"}
{"level":"info","message":"DevSync backend listening on http://localhost:8787","service":"devsync-backend","timestamp":"2025-10-31 09:46:31"}
{"level":"info","message":"WebSocket server available at ws://localhost:8787/ws","service":"devsync-backend","timestamp":"2025-10-31 09:46:31"}
{"ip":"::1","level":"info","message":"GET /api/files/tree","service":"devsync-backend","timestamp":"2025-10-31 09:46:52"}
{"ip":"::1","level":"info","message":"POST /api/files","service":"devsync-backend","timestamp":"2025-10-31 09:46:59"}
{"level":"info","message":"File created: test-file.txt","service":"devsync-backend","timestamp":"2025-10-31 09:46:59"}
{"ip":"::1","level":"info","message":"GET /api/files/tree","service":"devsync-backend","timestamp":"2025-10-31 09:47:31"}
{"ip":"::1","level":"info","message":"GET /api/files/tree","service":"devsync-backend","timestamp":"2025-10-31 09:47:38"}
{"level":"info","message":"Initializing database schema...","service":"devsync-backend","timestamp":"2025-10-31 09:50:12"}
{"level":"info","message":"Database schema initialized successfully","service":"devsync-backend","timestamp":"2025-10-31 09:50:12"}
{"level":"warn","message":"JWT_SECRET not set in environment. Using random secret. This will invalidate tokens on restart!","service":"devsync-backend","timestamp":"2025-10-31 09:50:12"}
{"level":"info","message":"SQLite database initialized successfully","service":"devsync-backend","timestamp":"2025-10-31 09:50:12"}
{"level":"info","message":"WebSocket server initialized on /ws","service":"devsync-backend","timestamp":"2025-10-31 09:50:12"}
{"error":"listen EADDRINUSE: address already in use :::8787","level":"error","message":"Uncaught exception","service":"devsync-backend","stack":"Error: listen EADDRINUSE: address already in use :::8787\n    at Server.setupListenHandle [as _listen2] (node:net:1940:16)\n    at listenInCluster (node:net:1997:12)\n    at Server.listen (node:net:2102:7)\n    at file:///C:/Projects/DevSync/backend/server.js:85:8\n    at process.processTicksAndRejections (node:internal/process/task_queues:105:5)","timestamp":"2025-10-31 09:50:12"}
{"level":"info","message":"Initializing database schema...","service":"devsync-backend","timestamp":"2025-10-31 09:56:19"}
{"level":"info","message":"Database schema initialized successfully","service":"devsync-backend","timestamp":"2025-10-31 09:56:19"}
{"level":"warn","message":"JWT_SECRET not set in environment. Using random secret. This will invalidate tokens on restart!","service":"devsync-backend","timestamp":"2025-10-31 09:56:19"}
{"level":"info","message":"SQLite database initialized successfully","service":"devsync-backend","timestamp":"2025-10-31 09:56:19"}
{"level":"info","message":"WebSocket server initialized on /ws","service":"devsync-backend","timestamp":"2025-10-31 09:56:19"}
{"level":"info","message":"DevSync backend listening on http://localhost:8787","service":"devsync-backend","timestamp":"2025-10-31 09:56:19"}
{"level":"info","message":"WebSocket server available at ws://localhost:8787/ws","service":"devsync-backend","timestamp":"2025-10-31 09:56:19"}
{"ip":"::1","level":"info","message":"GET /api/files/tree","service":"devsync-backend","timestamp":"2025-10-31 09:56:38"}
{"ip":"::1","level":"info","message":"GET /api/problems","service":"devsync-backend","timestamp":"2025-10-31 09:56:38"}
{"count":0,"level":"info","message":"Problems fetched","service":"devsync-backend","timestamp":"2025-10-31 09:56:38"}
{"level":"info","message":"Initializing database schema...","service":"devsync-backend","timestamp":"2025-10-31 10:28:26"}
{"level":"info","message":"Database schema initialized successfully","service":"devsync-backend","timestamp":"2025-10-31 10:28:26"}
{"level":"warn","message":"JWT_SECRET not set in environment. Using random secret. This will invalidate tokens on restart!","service":"devsync-backend","timestamp":"2025-10-31 10:28:26"}
{"level":"info","message":"SQLite database initialized successfully","service":"devsync-backend","timestamp":"2025-10-31 10:28:26"}
{"level":"info","message":"WebSocket server initialized on /ws","service":"devsync-backend","timestamp":"2025-10-31 10:28:26"}
{"level":"info","message":"DevSync backend listening on http://localhost:8787","service":"devsync-backend","timestamp":"2025-10-31 10:28:26"}
{"level":"info","message":"WebSocket server available at ws://localhost:8787/ws","service":"devsync-backend","timestamp":"2025-10-31 10:28:26"}
{"ip":"::1","level":"info","message":"GET /api/files/tree","service":"devsync-backend","timestamp":"2025-10-31 10:28:40"}
{"ip":"::1","level":"info","message":"GET /api/problems","service":"devsync-backend","timestamp":"2025-10-31 10:28:40"}
{"count":0,"level":"info","message":"Problems fetched","service":"devsync-backend","timestamp":"2025-10-31 10:28:40"}
{"level":"info","message":"Initializing database schema...","service":"devsync-backend","timestamp":"2025-10-31 10:32:47"}
{"level":"info","message":"Database schema initialized successfully","service":"devsync-backend","timestamp":"2025-10-31 10:32:47"}
{"level":"warn","message":"JWT_SECRET not set in environment. Using random secret. This will invalidate tokens on restart!","service":"devsync-backend","timestamp":"2025-10-31 10:32:47"}
{"level":"info","message":"SQLite database initialized successfully","service":"devsync-backend","timestamp":"2025-10-31 10:32:47"}
{"level":"info","message":"WebSocket server initialized on /ws","service":"devsync-backend","timestamp":"2025-10-31 10:32:47"}
{"level":"info","message":"DevSync backend listening on http://localhost:8787","service":"devsync-backend","timestamp":"2025-10-31 10:32:47"}
{"level":"info","message":"WebSocket server available at ws://localhost:8787/ws","service":"devsync-backend","timestamp":"2025-10-31 10:32:47"}
{"ip":"::1","level":"info","message":"GET /api/files/tree","service":"devsync-backend","timestamp":"2025-10-31 10:32:54"}
{"ip":"::1","level":"info","message":"GET /api/problems","service":"devsync-backend","timestamp":"2025-10-31 10:32:54"}
{"count":0,"level":"info","message":"Problems fetched","service":"devsync-backend","timestamp":"2025-10-31 10:32:54"}
{"level":"info","message":"Initializing database schema...","service":"devsync-backend","timestamp":"2025-10-31 10:34:30"}
{"level":"info","message":"Database schema initialized successfully","service":"devsync-backend","timestamp":"2025-10-31 10:34:30"}
{"level":"warn","message":"JWT_SECRET not set in environment. Using random secret. This will invalidate tokens on restart!","service":"devsync-backend","timestamp":"2025-10-31 10:34:30"}
{"level":"info","message":"SQLite database initialized successfully","service":"devsync-backend","timestamp":"2025-10-31 10:34:30"}
{"level":"info","message":"WebSocket server initialized on /ws","service":"devsync-backend","timestamp":"2025-10-31 10:34:30"}
{"level":"info","message":"DevSync backend listening on http://localhost:8787","service":"devsync-backend","timestamp":"2025-10-31 10:34:30"}
{"level":"info","message":"WebSocket server available at ws://localhost:8787/ws","service":"devsync-backend","timestamp":"2025-10-31 10:34:30"}
{"level":"info","message":"Initializing database schema...","service":"devsync-backend","timestamp":"2025-10-31 10:35:22"}
{"level":"info","message":"Database schema initialized successfully","service":"devsync-backend","timestamp":"2025-10-31 10:35:22"}
{"level":"warn","message":"JWT_SECRET not set in environment. Using random secret. This will invalidate tokens on restart!","service":"devsync-backend","timestamp":"2025-10-31 10:35:22"}
{"level":"info","message":"SQLite database initialized successfully","service":"devsync-backend","timestamp":"2025-10-31 10:35:22"}
{"level":"info","message":"WebSocket server initialized on /ws","service":"devsync-backend","timestamp":"2025-10-31 10:35:22"}
{"error":"listen EADDRINUSE: address already in use :::8787","level":"error","message":"Uncaught exception","service":"devsync-backend","stack":"Error: listen EADDRINUSE: address already in use :::8787\n    at Server.setupListenHandle [as _listen2] (node:net:1940:16)\n    at listenInCluster (node:net:1997:12)\n    at Server.listen (node:net:2102:7)\n    at file:///C:/Projects/DevSync/backend/server.js:85:8\n    at process.processTicksAndRejections (node:internal/process/task_queues:105:5)","timestamp":"2025-10-31 10:35:22"}
{"level":"info","message":"Initializing database schema...","service":"devsync-backend","timestamp":"2025-10-31 10:36:00"}
{"level":"info","message":"Database schema initialized successfully","service":"devsync-backend","timestamp":"2025-10-31 10:36:00"}
{"level":"warn","message":"JWT_SECRET not set in environment. Using random secret. This will invalidate tokens on restart!","service":"devsync-backend","timestamp":"2025-10-31 10:36:00"}
{"level":"info","message":"SQLite database initialized successfully","service":"devsync-backend","timestamp":"2025-10-31 10:36:00"}
{"level":"info","message":"WebSocket server initialized on /ws","service":"devsync-backend","timestamp":"2025-10-31 10:36:00"}
{"level":"info","message":"DevSync backend listening on http://localhost:8787","service":"devsync-backend","timestamp":"2025-10-31 10:36:00"}
{"level":"info","message":"WebSocket server available at ws://localhost:8787/ws","service":"devsync-backend","timestamp":"2025-10-31 10:36:00"}
{"ip":"::1","level":"info","message":"GET /api/files/tree","service":"devsync-backend","timestamp":"2025-10-31 10:36:17"}
{"ip":"::1","level":"info","message":"GET /api/problems","service":"devsync-backend","timestamp":"2025-10-31 10:36:17"}
{"count":0,"level":"info","message":"Problems fetched","service":"devsync-backend","timestamp":"2025-10-31 10:36:17"}
{"ip":"::1","level":"info","message":"GET /api/files/tree","service":"devsync-backend","timestamp":"2025-10-31 10:36:43"}
{"level":"info","message":"Initializing database schema...","service":"devsync-backend","timestamp":"2025-10-31 10:37:28"}
{"level":"info","message":"Database schema initialized successfully","service":"devsync-backend","timestamp":"2025-10-31 10:37:28"}
{"level":"warn","message":"JWT_SECRET not set in environment. Using random secret. This will invalidate tokens on restart!","service":"devsync-backend","timestamp":"2025-10-31 10:37:28"}
{"level":"info","message":"SQLite database initialized successfully","service":"devsync-backend","timestamp":"2025-10-31 10:37:28"}
{"level":"info","message":"WebSocket server initialized on /ws","service":"devsync-backend","timestamp":"2025-10-31 10:37:28"}
{"error":"listen EADDRINUSE: address already in use :::8787","level":"error","message":"Uncaught exception","service":"devsync-backend","stack":"Error: listen EADDRINUSE: address already in use :::8787\n    at Server.setupListenHandle [as _listen2] (node:net:1940:16)\n    at listenInCluster (node:net:1997:12)\n    at Server.listen (node:net:2102:7)\n    at file:///C:/Projects/DevSync/backend/server.js:85:8\n    at process.processTicksAndRejections (node:internal/process/task_queues:105:5)","timestamp":"2025-10-31 10:37:28"}
{"level":"info","message":"Initializing database schema...","service":"devsync-backend","timestamp":"2025-10-31 10:38:01"}
{"level":"info","message":"Database schema initialized successfully","service":"devsync-backend","timestamp":"2025-10-31 10:38:01"}
{"level":"warn","message":"JWT_SECRET not set in environment. Using random secret. This will invalidate tokens on restart!","service":"devsync-backend","timestamp":"2025-10-31 10:38:01"}
{"level":"info","message":"SQLite database initialized successfully","service":"devsync-backend","timestamp":"2025-10-31 10:38:01"}
{"level":"info","message":"WebSocket server initialized on /ws","service":"devsync-backend","timestamp":"2025-10-31 10:38:01"}
{"level":"info","message":"DevSync backend listening on http://localhost:8787","service":"devsync-backend","timestamp":"2025-10-31 10:38:01"}
{"level":"info","message":"WebSocket server available at ws://localhost:8787/ws","service":"devsync-backend","timestamp":"2025-10-31 10:38:01"}
{"ip":"::1","level":"info","message":"GET /api/files/tree","service":"devsync-backend","timestamp":"2025-10-31 10:40:54"}
{"ip":"::1","level":"info","message":"GET /api/problems","service":"devsync-backend","timestamp":"2025-10-31 10:40:54"}
{"count":0,"level":"info","message":"Problems fetched","service":"devsync-backend","timestamp":"2025-10-31 10:40:54"}
{"ip":"::1","level":"info","message":"GET /api/files/tree","service":"devsync-backend","timestamp":"2025-10-31 10:41:24"}
{"ip":"::1","level":"info","message":"GET /api/problems","service":"devsync-backend","timestamp":"2025-10-31 10:41:25"}
{"count":0,"level":"info","message":"Problems fetched","service":"devsync-backend","timestamp":"2025-10-31 10:41:25"}
{"ip":"::1","level":"info","message":"GET /api/files/tree","service":"devsync-backend","timestamp":"2025-10-31 10:41:41"}
{"ip":"::1","level":"info","message":"GET /api/problems","service":"devsync-backend","timestamp":"2025-10-31 10:41:41"}
{"count":0,"level":"info","message":"Problems fetched","service":"devsync-backend","timestamp":"2025-10-31 10:41:41"}
{"ip":"::1","level":"info","message":"GET /api/files/tree","service":"devsync-backend","timestamp":"2025-10-31 10:41:57"}
{"ip":"::1","level":"info","message":"GET /api/problems","service":"devsync-backend","timestamp":"2025-10-31 10:41:57"}
{"count":0,"level":"info","message":"Problems fetched","service":"devsync-backend","timestamp":"2025-10-31 10:41:57"}
{"ip":"::1","level":"info","message":"GET /api/files/tree","service":"devsync-backend","timestamp":"2025-10-31 10:42:07"}
{"ip":"::1","level":"info","message":"GET /api/problems","service":"devsync-backend","timestamp":"2025-10-31 10:42:07"}
{"count":0,"level":"info","message":"Problems fetched","service":"devsync-backend","timestamp":"2025-10-31 10:42:07"}
{"ip":"::1","level":"info","message":"GET /api/files/tree","service":"devsync-backend","timestamp":"2025-10-31 10:43:22"}
{"ip":"::1","level":"info","message":"POST /api/files","service":"devsync-backend","timestamp":"2025-10-31 10:43:30"}
{"level":"info","message":"File created: test-from-curl.txt","service":"devsync-backend","timestamp":"2025-10-31 10:43:30"}
{"level":"info","message":"Initializing database schema...","service":"devsync-backend","timestamp":"2025-10-31 11:06:48"}
{"level":"info","message":"Database schema initialized successfully","service":"devsync-backend","timestamp":"2025-10-31 11:06:48"}
{"level":"warn","message":"JWT_SECRET not set in environment. Using random secret. This will invalidate tokens on restart!","service":"devsync-backend","timestamp":"2025-10-31 11:06:48"}
{"level":"info","message":"SQLite database initialized successfully","service":"devsync-backend","timestamp":"2025-10-31 11:06:48"}
{"level":"info","message":"WebSocket server initialized on /ws","service":"devsync-backend","timestamp":"2025-10-31 11:06:48"}
{"level":"info","message":"DevSync backend listening on http://localhost:8787","service":"devsync-backend","timestamp":"2025-10-31 11:06:48"}
{"level":"info","message":"WebSocket server available at ws://localhost:8787/ws","service":"devsync-backend","timestamp":"2025-10-31 11:06:48"}
{"ip":"::1","level":"info","message":"GET /api/files/tree","service":"devsync-backend","timestamp":"2025-10-31 11:07:03"}
{"ip":"::1","level":"info","message":"GET /api/problems","service":"devsync-backend","timestamp":"2025-10-31 11:07:03"}
{"count":0,"level":"info","message":"Problems fetched","service":"devsync-backend","timestamp":"2025-10-31 11:07:03"}
{"ip":"::1","level":"info","message":"GET /api/files/tree","service":"devsync-backend","timestamp":"2025-10-31 11:07:04"}
{"ip":"::1","level":"info","message":"GET /api/problems","service":"devsync-backend","timestamp":"2025-10-31 11:07:04"}
{"count":0,"level":"info","message":"Problems fetched","service":"devsync-backend","timestamp":"2025-10-31 11:07:04"}
{"ip":"::1","level":"info","message":"GET /api/files/tree","service":"devsync-backend","timestamp":"2025-10-31 11:07:05"}
{"ip":"::1","level":"info","message":"GET /api/problems","service":"devsync-backend","timestamp":"2025-10-31 11:07:05"}
{"count":0,"level":"info","message":"Problems fetched","service":"devsync-backend","timestamp":"2025-10-31 11:07:05"}
{"ip":"::1","level":"info","message":"GET /api/files/tree","service":"devsync-backend","timestamp":"2025-10-31 11:07:09"}
{"ip":"::1","level":"info","message":"GET /api/problems","service":"devsync-backend","timestamp":"2025-10-31 11:07:09"}
{"count":0,"level":"info","message":"Problems fetched","service":"devsync-backend","timestamp":"2025-10-31 11:07:09"}
{"level":"info","message":"Initializing database schema...","service":"devsync-backend","timestamp":"2025-10-31 11:08:07"}
{"level":"info","message":"Database schema initialized successfully","service":"devsync-backend","timestamp":"2025-10-31 11:08:07"}
{"level":"warn","message":"JWT_SECRET not set in environment. Using random secret. This will invalidate tokens on restart!","service":"devsync-backend","timestamp":"2025-10-31 11:08:07"}
{"level":"info","message":"SQLite database initialized successfully","service":"devsync-backend","timestamp":"2025-10-31 11:08:07"}
{"level":"info","message":"WebSocket server initialized on /ws","service":"devsync-backend","timestamp":"2025-10-31 11:08:07"}
{"level":"info","message":"DevSync backend listening on http://localhost:8787","service":"devsync-backend","timestamp":"2025-10-31 11:08:07"}
{"level":"info","message":"WebSocket server available at ws://localhost:8787/ws","service":"devsync-backend","timestamp":"2025-10-31 11:08:07"}
{"level":"info","message":"Initializing database schema...","service":"devsync-backend","timestamp":"2025-10-31 11:08:23"}
{"level":"info","message":"Database schema initialized successfully","service":"devsync-backend","timestamp":"2025-10-31 11:08:23"}
{"level":"warn","message":"JWT_SECRET not set in environment. Using random secret. This will invalidate tokens on restart!","service":"devsync-backend","timestamp":"2025-10-31 11:08:23"}
{"level":"info","message":"SQLite database initialized successfully","service":"devsync-backend","timestamp":"2025-10-31 11:08:23"}
{"level":"info","message":"WebSocket server initialized on /ws","service":"devsync-backend","timestamp":"2025-10-31 11:08:23"}
{"error":"listen EADDRINUSE: address already in use :::8787","level":"error","message":"Uncaught exception","service":"devsync-backend","stack":"Error: listen EADDRINUSE: address already in use :::8787\n    at Server.setupListenHandle [as _listen2] (node:net:1940:16)\n    at listenInCluster (node:net:1997:12)\n    at Server.listen (node:net:2102:7)\n    at file:///C:/Projects/DevSync/backend/server.js:85:8\n    at process.processTicksAndRejections (node:internal/process/task_queues:105:5)","timestamp":"2025-10-31 11:08:23"}
{"level":"info","message":"Initializing database schema...","service":"devsync-backend","timestamp":"2025-10-31 11:09:10"}
{"level":"info","message":"Database schema initialized successfully","service":"devsync-backend","timestamp":"2025-10-31 11:09:10"}
{"level":"warn","message":"JWT_SECRET not set in environment. Using random secret. This will invalidate tokens on restart!","service":"devsync-backend","timestamp":"2025-10-31 11:09:10"}
{"level":"info","message":"SQLite database initialized successfully","service":"devsync-backend","timestamp":"2025-10-31 11:09:10"}
{"level":"info","message":"WebSocket server initialized on /ws","service":"devsync-backend","timestamp":"2025-10-31 11:09:10"}
{"level":"info","message":"DevSync backend listening on http://localhost:8787","service":"devsync-backend","timestamp":"2025-10-31 11:09:10"}
{"level":"info","message":"WebSocket server available at ws://localhost:8787/ws","service":"devsync-backend","timestamp":"2025-10-31 11:09:10"}
{"ip":"::1","level":"info","message":"GET /api/files/tree","service":"devsync-backend","timestamp":"2025-10-31 11:12:20"}
{"ip":"::1","level":"info","message":"GET /api/problems","service":"devsync-backend","timestamp":"2025-10-31 11:12:20"}
{"count":0,"level":"info","message":"Problems fetched","service":"devsync-backend","timestamp":"2025-10-31 11:12:20"}
{"ip":"::1","level":"info","message":"GET /api/files/tree","service":"devsync-backend","timestamp":"2025-10-31 11:12:54"}
{"level":"info","message":"Initializing database schema...","service":"devsync-backend","timestamp":"2025-10-31 11:13:19"}
{"level":"info","message":"Database schema initialized successfully","service":"devsync-backend","timestamp":"2025-10-31 11:13:19"}
{"level":"warn","message":"JWT_SECRET not set in environment. Using random secret. This will invalidate tokens on restart!","service":"devsync-backend","timestamp":"2025-10-31 11:13:19"}
{"level":"info","message":"SQLite database initialized successfully","service":"devsync-backend","timestamp":"2025-10-31 11:13:19"}
{"level":"info","message":"WebSocket server initialized on /ws","service":"devsync-backend","timestamp":"2025-10-31 11:13:19"}
{"level":"info","message":"DevSync backend listening on http://localhost:8787","service":"devsync-backend","timestamp":"2025-10-31 11:13:19"}
{"level":"info","message":"WebSocket server available at ws://localhost:8787/ws","service":"devsync-backend","timestamp":"2025-10-31 11:13:19"}
{"ip":"::1","level":"info","message":"GET /api/files/tree","service":"devsync-backend","timestamp":"2025-10-31 11:13:34"}
{"level":"info","message":"Initializing database schema...","service":"devsync-backend","timestamp":"2025-10-31 11:13:49"}
{"level":"info","message":"Database schema initialized successfully","service":"devsync-backend","timestamp":"2025-10-31 11:13:49"}
{"level":"warn","message":"JWT_SECRET not set in environment. Using random secret. This will invalidate tokens on restart!","service":"devsync-backend","timestamp":"2025-10-31 11:13:49"}
{"level":"info","message":"SQLite database initialized successfully","service":"devsync-backend","timestamp":"2025-10-31 11:13:49"}
{"level":"info","message":"WebSocket server initialized on /ws","service":"devsync-backend","timestamp":"2025-10-31 11:13:49"}
{"level":"info","message":"DevSync backend listening on http://localhost:8787","service":"devsync-backend","timestamp":"2025-10-31 11:13:49"}
{"level":"info","message":"WebSocket server available at ws://localhost:8787/ws","service":"devsync-backend","timestamp":"2025-10-31 11:13:49"}
{"level":"info","message":"Initializing database schema...","service":"devsync-backend","timestamp":"2025-10-31 11:13:50"}
{"level":"info","message":"Database schema initialized successfully","service":"devsync-backend","timestamp":"2025-10-31 11:13:50"}
{"level":"warn","message":"JWT_SECRET not set in environment. Using random secret. This will invalidate tokens on restart!","service":"devsync-backend","timestamp":"2025-10-31 11:13:50"}
{"level":"info","message":"SQLite database initialized successfully","service":"devsync-backend","timestamp":"2025-10-31 11:13:50"}
{"level":"info","message":"WebSocket server initialized on /ws","service":"devsync-backend","timestamp":"2025-10-31 11:13:50"}
{"error":"listen EADDRINUSE: address already in use :::8787","level":"error","message":"Uncaught exception","service":"devsync-backend","stack":"Error: listen EADDRINUSE: address already in use :::8787\n    at Server.setupListenHandle [as _listen2] (node:net:1940:16)\n    at listenInCluster (node:net:1997:12)\n    at Server.listen (node:net:2102:7)\n    at file:///C:/Projects/DevSync/backend/server.js:85:8\n    at process.processTicksAndRejections (node:internal/process/task_queues:105:5)","timestamp":"2025-10-31 11:13:50"}
{"level":"info","message":"Initializing database schema...","service":"devsync-backend","timestamp":"2025-10-31 11:14:36"}
{"level":"info","message":"Database schema initialized successfully","service":"devsync-backend","timestamp":"2025-10-31 11:14:36"}
{"level":"warn","message":"JWT_SECRET not set in environment. Using random secret. This will invalidate tokens on restart!","service":"devsync-backend","timestamp":"2025-10-31 11:14:36"}
{"level":"info","message":"SQLite database initialized successfully","service":"devsync-backend","timestamp":"2025-10-31 11:14:36"}
{"level":"info","message":"WebSocket server initialized on /ws","service":"devsync-backend","timestamp":"2025-10-31 11:14:36"}
{"error":"listen EADDRINUSE: address already in use :::8787","level":"error","message":"Uncaught exception","service":"devsync-backend","stack":"Error: listen EADDRINUSE: address already in use :::8787\n    at Server.setupListenHandle [as _listen2] (node:net:1940:16)\n    at listenInCluster (node:net:1997:12)\n    at Server.listen (node:net:2102:7)\n    at file:///C:/Projects/DevSync/backend/server.js:85:8\n    at process.processTicksAndRejections (node:internal/process/task_queues:105:5)","timestamp":"2025-10-31 11:14:36"}
{"level":"info","message":"Initializing database schema...","service":"devsync-backend","timestamp":"2025-10-31 11:15:44"}
{"level":"info","message":"Database schema initialized successfully","service":"devsync-backend","timestamp":"2025-10-31 11:15:44"}
{"level":"warn","message":"JWT_SECRET not set in environment. Using random secret. This will invalidate tokens on restart!","service":"devsync-backend","timestamp":"2025-10-31 11:15:44"}
{"level":"info","message":"SQLite database initialized successfully","service":"devsync-backend","timestamp":"2025-10-31 11:15:44"}
{"level":"info","message":"WebSocket server initialized on /ws","service":"devsync-backend","timestamp":"2025-10-31 11:15:44"}
{"level":"info","message":"DevSync backend listening on http://localhost:8787","service":"devsync-backend","timestamp":"2025-10-31 11:15:44"}
{"level":"info","message":"WebSocket server available at ws://localhost:8787/ws","service":"devsync-backend","timestamp":"2025-10-31 11:15:44"}
{"level":"info","message":"Initializing database schema...","service":"devsync-backend","timestamp":"2025-10-31 11:15:45"}
{"level":"info","message":"Database schema initialized successfully","service":"devsync-backend","timestamp":"2025-10-31 11:15:45"}
{"level":"warn","message":"JWT_SECRET not set in environment. Using random secret. This will invalidate tokens on restart!","service":"devsync-backend","timestamp":"2025-10-31 11:15:45"}
{"level":"info","message":"SQLite database initialized successfully","service":"devsync-backend","timestamp":"2025-10-31 11:15:45"}
{"level":"info","message":"WebSocket server initialized on /ws","service":"devsync-backend","timestamp":"2025-10-31 11:15:45"}
{"error":"listen EADDRINUSE: address already in use :::8787","level":"error","message":"Uncaught exception","service":"devsync-backend","stack":"Error: listen EADDRINUSE: address already in use :::8787\n    at Server.setupListenHandle [as _listen2] (node:net:1940:16)\n    at listenInCluster (node:net:1997:12)\n    at Server.listen (node:net:2102:7)\n    at file:///C:/Projects/DevSync/backend/server.js:85:8\n    at process.processTicksAndRejections (node:internal/process/task_queues:105:5)","timestamp":"2025-10-31 11:15:45"}
{"level":"info","message":"Initializing database schema...","service":"devsync-backend","timestamp":"2025-10-31 11:15:45"}
{"level":"info","message":"Database schema initialized successfully","service":"devsync-backend","timestamp":"2025-10-31 11:15:45"}
{"level":"warn","message":"JWT_SECRET not set in environment. Using random secret. This will invalidate tokens on restart!","service":"devsync-backend","timestamp":"2025-10-31 11:15:45"}
{"level":"info","message":"SQLite database initialized successfully","service":"devsync-backend","timestamp":"2025-10-31 11:15:45"}
{"level":"info","message":"WebSocket server initialized on /ws","service":"devsync-backend","timestamp":"2025-10-31 11:15:45"}
{"error":"listen EADDRINUSE: address already in use :::8787","level":"error","message":"Uncaught exception","service":"devsync-backend","stack":"Error: listen EADDRINUSE: address already in use :::8787\n    at Server.setupListenHandle [as _listen2] (node:net:1940:16)\n    at listenInCluster (node:net:1997:12)\n    at Server.listen (node:net:2102:7)\n    at file:///C:/Projects/DevSync/backend/server.js:85:8\n    at process.processTicksAndRejections (node:internal/process/task_queues:105:5)","timestamp":"2025-10-31 11:15:45"}
{"level":"info","message":"Initializing database schema...","service":"devsync-backend","timestamp":"2025-10-31 11:16:23"}
{"level":"info","message":"Database schema initialized successfully","service":"devsync-backend","timestamp":"2025-10-31 11:16:23"}
{"level":"warn","message":"JWT_SECRET not set in environment. Using random secret. This will invalidate tokens on restart!","service":"devsync-backend","timestamp":"2025-10-31 11:16:23"}
{"level":"info","message":"SQLite database initialized successfully","service":"devsync-backend","timestamp":"2025-10-31 11:16:23"}
{"level":"info","message":"WebSocket server initialized on /ws","service":"devsync-backend","timestamp":"2025-10-31 11:16:23"}
{"error":"listen EADDRINUSE: address already in use :::8787","level":"error","message":"Uncaught exception","service":"devsync-backend","stack":"Error: listen EADDRINUSE: address already in use :::8787\n    at Server.setupListenHandle [as _listen2] (node:net:1940:16)\n    at listenInCluster (node:net:1997:12)\n    at Server.listen (node:net:2102:7)\n    at file:///C:/Projects/DevSync/backend/server.js:85:8\n    at process.processTicksAndRejections (node:internal/process/task_queues:105:5)","timestamp":"2025-10-31 11:16:23"}
{"level":"info","message":"Initializing database schema...","service":"devsync-backend","timestamp":"2025-10-31 11:34:27"}
{"level":"info","message":"Database schema initialized successfully","service":"devsync-backend","timestamp":"2025-10-31 11:34:27"}
{"level":"warn","message":"JWT_SECRET not set in environment. Using random secret. This will invalidate tokens on restart!","service":"devsync-backend","timestamp":"2025-10-31 11:34:27"}
{"level":"info","message":"SQLite database initialized successfully","service":"devsync-backend","timestamp":"2025-10-31 11:34:27"}
{"level":"info","message":"WebSocket server initialized on /ws","service":"devsync-backend","timestamp":"2025-10-31 11:34:27"}
{"level":"info","message":"DevSync backend listening on http://localhost:8787","service":"devsync-backend","timestamp":"2025-10-31 11:34:27"}
{"level":"info","message":"WebSocket server available at ws://localhost:8787/ws","service":"devsync-backend","timestamp":"2025-10-31 11:34:27"}
{"ip":"::1","level":"info","message":"GET /api/files/tree","service":"devsync-backend","timestamp":"2025-10-31 11:34:47"}
{"ip":"::1","level":"info","message":"GET /api/problems","service":"devsync-backend","timestamp":"2025-10-31 11:34:47"}
{"count":0,"level":"info","message":"Problems fetched","service":"devsync-backend","timestamp":"2025-10-31 11:34:47"}
{"level":"info","message":"Initializing database schema...","service":"devsync-backend","timestamp":"2025-10-31 11:43:54"}
{"level":"info","message":"Database schema initialized successfully","service":"devsync-backend","timestamp":"2025-10-31 11:43:54"}
{"level":"warn","message":"JWT_SECRET not set in environment. Using random secret. This will invalidate tokens on restart!","service":"devsync-backend","timestamp":"2025-10-31 11:43:55"}
{"level":"info","message":"SQLite database initialized successfully","service":"devsync-backend","timestamp":"2025-10-31 11:43:55"}
{"level":"info","message":"WebSocket server initialized on /ws","service":"devsync-backend","timestamp":"2025-10-31 11:43:55"}
{"level":"info","message":"DevSync backend listening on http://localhost:8787","service":"devsync-backend","timestamp":"2025-10-31 11:43:55"}
{"level":"info","message":"WebSocket server available at ws://localhost:8787/ws","service":"devsync-backend","timestamp":"2025-10-31 11:43:55"}
{"ip":"::1","level":"info","message":"GET /api/files/tree","service":"devsync-backend","timestamp":"2025-10-31 11:44:19"}
{"ip":"::1","level":"info","message":"GET /api/problems","service":"devsync-backend","timestamp":"2025-10-31 11:44:19"}
{"count":0,"level":"info","message":"Problems fetched","service":"devsync-backend","timestamp":"2025-10-31 11:44:19"}
{"level":"info","message":"Initializing database schema...","service":"devsync-backend","timestamp":"2025-10-31 11:47:18"}
{"level":"info","message":"Database schema initialized successfully","service":"devsync-backend","timestamp":"2025-10-31 11:47:18"}
{"level":"warn","message":"JWT_SECRET not set in environment. Using random secret. This will invalidate tokens on restart!","service":"devsync-backend","timestamp":"2025-10-31 11:47:18"}
{"level":"info","message":"SQLite database initialized successfully","service":"devsync-backend","timestamp":"2025-10-31 11:47:18"}
{"level":"info","message":"WebSocket server initialized on /ws","service":"devsync-backend","timestamp":"2025-10-31 11:47:18"}
{"level":"info","message":"DevSync backend listening on http://localhost:8787","service":"devsync-backend","timestamp":"2025-10-31 11:47:18"}
{"level":"info","message":"WebSocket server available at ws://localhost:8787/ws","service":"devsync-backend","timestamp":"2025-10-31 11:47:18"}
{"ip":"::1","level":"info","message":"GET /api/files/tree","service":"devsync-backend","timestamp":"2025-10-31 11:47:26"}
{"ip":"::1","level":"info","message":"GET /api/problems","service":"devsync-backend","timestamp":"2025-10-31 11:47:26"}
{"count":0,"level":"info","message":"Problems fetched","service":"devsync-backend","timestamp":"2025-10-31 11:47:26"}
{"level":"info","message":"Initializing database schema...","service":"devsync-backend","timestamp":"2025-10-31 11:49:09"}
{"level":"info","message":"Database schema initialized successfully","service":"devsync-backend","timestamp":"2025-10-31 11:49:09"}
{"level":"warn","message":"JWT_SECRET not set in environment. Using random secret. This will invalidate tokens on restart!","service":"devsync-backend","timestamp":"2025-10-31 11:49:09"}
{"level":"info","message":"SQLite database initialized successfully","service":"devsync-backend","timestamp":"2025-10-31 11:49:09"}
{"level":"info","message":"WebSocket server initialized on /ws","service":"devsync-backend","timestamp":"2025-10-31 11:49:09"}
{"error":"listen EADDRINUSE: address already in use :::8787","level":"error","message":"Uncaught exception","service":"devsync-backend","stack":"Error: listen EADDRINUSE: address already in use :::8787\n    at Server.setupListenHandle [as _listen2] (node:net:1940:16)\n    at listenInCluster (node:net:1997:12)\n    at Server.listen (node:net:2102:7)\n    at file:///C:/Projects/DevSync/backend/server.js:85:8","timestamp":"2025-10-31 11:49:09"}
{"level":"info","message":"Initializing database schema...","service":"devsync-backend","timestamp":"2025-10-31 11:49:31"}
{"level":"info","message":"Database schema initialized successfully","service":"devsync-backend","timestamp":"2025-10-31 11:49:31"}
{"level":"warn","message":"JWT_SECRET not set in environment. Using random secret. This will invalidate tokens on restart!","service":"devsync-backend","timestamp":"2025-10-31 11:49:31"}
{"level":"info","message":"SQLite database initialized successfully","service":"devsync-backend","timestamp":"2025-10-31 11:49:31"}
{"level":"info","message":"WebSocket server initialized on /ws","service":"devsync-backend","timestamp":"2025-10-31 11:49:31"}
{"level":"info","message":"DevSync backend listening on http://localhost:8787","service":"devsync-backend","timestamp":"2025-10-31 11:49:31"}
{"level":"info","message":"WebSocket server available at ws://localhost:8787/ws","service":"devsync-backend","timestamp":"2025-10-31 11:49:31"}
{"ip":"::1","level":"info","message":"GET /api/files/tree","service":"devsync-backend","timestamp":"2025-10-31 11:52:34"}
{"ip":"::1","level":"info","message":"GET /api/problems","service":"devsync-backend","timestamp":"2025-10-31 11:52:34"}
{"count":0,"level":"info","message":"Problems fetched","service":"devsync-backend","timestamp":"2025-10-31 11:52:34"}
{"ip":"::1","level":"info","message":"GET /api/files/tree","service":"devsync-backend","timestamp":"2025-10-31 11:53:12"}
{"ip":"::1","level":"info","message":"GET /api/files/tree","service":"devsync-backend","timestamp":"2025-10-31 11:54:05"}
{"ip":"::1","level":"info","message":"GET /api/problems","service":"devsync-backend","timestamp":"2025-10-31 11:54:05"}
{"count":0,"level":"info","message":"Problems fetched","service":"devsync-backend","timestamp":"2025-10-31 11:54:05"}
{"ip":"::1","level":"info","message":"GET /api/files/tree","service":"devsync-backend","timestamp":"2025-10-31 11:54:46"}
{"ip":"::1","level":"info","message":"GET /api/problems","service":"devsync-backend","timestamp":"2025-10-31 11:54:46"}
{"count":0,"level":"info","message":"Problems fetched","service":"devsync-backend","timestamp":"2025-10-31 11:54:46"}
{"ip":"::1","level":"info","message":"GET /api/problems","service":"devsync-backend","timestamp":"2025-10-31 11:55:08"}
{"count":0,"level":"info","message":"Problems fetched","service":"devsync-backend","timestamp":"2025-10-31 11:55:08"}
{"level":"info","message":"Initializing database schema...","service":"devsync-backend","timestamp":"2025-10-31 11:55:44"}
{"level":"info","message":"Database schema initialized successfully","service":"devsync-backend","timestamp":"2025-10-31 11:55:44"}
{"level":"warn","message":"JWT_SECRET not set in environment. Using random secret. This will invalidate tokens on restart!","service":"devsync-backend","timestamp":"2025-10-31 11:55:44"}
{"level":"info","message":"SQLite database initialized successfully","service":"devsync-backend","timestamp":"2025-10-31 11:55:44"}
{"level":"info","message":"WebSocket server initialized on /ws","service":"devsync-backend","timestamp":"2025-10-31 11:55:44"}
{"error":"listen EADDRINUSE: address already in use :::8787","level":"error","message":"Uncaught exception","service":"devsync-backend","stack":"Error: listen EADDRINUSE: address already in use :::8787\n    at Server.setupListenHandle [as _listen2] (node:net:1940:16)\n    at listenInCluster (node:net:1997:12)\n    at Server.listen (node:net:2102:7)\n    at file:///C:/Projects/DevSync/backend/server.js:85:8","timestamp":"2025-10-31 11:55:44"}
{"level":"info","message":"Initializing database schema...","service":"devsync-backend","timestamp":"2025-10-31 11:56:13"}
{"level":"info","message":"Database schema initialized successfully","service":"devsync-backend","timestamp":"2025-10-31 11:56:13"}
{"level":"warn","message":"JWT_SECRET not set in environment. Using random secret. This will invalidate tokens on restart!","service":"devsync-backend","timestamp":"2025-10-31 11:56:13"}
{"level":"info","message":"SQLite database initialized successfully","service":"devsync-backend","timestamp":"2025-10-31 11:56:13"}
{"level":"info","message":"WebSocket server initialized on /ws","service":"devsync-backend","timestamp":"2025-10-31 11:56:13"}
{"level":"info","message":"DevSync backend listening on http://localhost:8787","service":"devsync-backend","timestamp":"2025-10-31 11:56:13"}
{"level":"info","message":"WebSocket server available at ws://localhost:8787/ws","service":"devsync-backend","timestamp":"2025-10-31 11:56:13"}
{"ip":"::1","level":"info","message":"HEAD /api/problems","service":"devsync-backend","timestamp":"2025-10-31 11:56:21"}
{"count":0,"level":"info","message":"Problems fetched","service":"devsync-backend","timestamp":"2025-10-31 11:56:21"}
{"ip":"::1","level":"info","message":"GET /api/files/tree","service":"devsync-backend","timestamp":"2025-10-31 11:56:53"}
{"ip":"::1","level":"info","message":"GET /api/problems","service":"devsync-backend","timestamp":"2025-10-31 11:56:53"}
{"count":0,"level":"info","message":"Problems fetched","service":"devsync-backend","timestamp":"2025-10-31 11:56:53"}
{"ip":"::1","level":"info","message":"GET /api/files","service":"devsync-backend","timestamp":"2025-10-31 11:56:56"}
{"ip":"::1","level":"info","message":"POST /api/files","service":"devsync-backend","timestamp":"2025-10-31 11:57:06"}
{"level":"info","message":"File created: main.py","service":"devsync-backend","timestamp":"2025-10-31 11:57:06"}
{"ip":"::1","level":"info","message":"GET /api/files","service":"devsync-backend","timestamp":"2025-10-31 11:57:06"}
{"ip":"::1","level":"info","message":"GET /api/files/tree","service":"devsync-backend","timestamp":"2025-10-31 11:57:06"}
{"ip":"::1","level":"info","message":"PUT /api/files","service":"devsync-backend","timestamp":"2025-10-31 11:57:26"}
{"level":"info","message":"File updated: main.py","service":"devsync-backend","timestamp":"2025-10-31 11:57:26"}
{"ip":"::1","level":"info","message":"POST /api/execution/run","service":"devsync-backend","timestamp":"2025-10-31 11:58:37"}
{"level":"info","message":"Created temporary file for execution: temp_1761937117888.py","service":"devsync-backend","timestamp":"2025-10-31 11:58:37"}
{"level":"info","message":"Executing python code from: workspace\\temp_1761937117888.py","service":"devsync-backend","timestamp":"2025-10-31 11:58:37"}
{"level":"info","message":"Initializing database schema...","service":"devsync-backend","timestamp":"2025-10-31 11:59:48"}
{"level":"info","message":"Database schema initialized successfully","service":"devsync-backend","timestamp":"2025-10-31 11:59:48"}
{"level":"warn","message":"JWT_SECRET not set in environment. Using random secret. This will invalidate tokens on restart!","service":"devsync-backend","timestamp":"2025-10-31 11:59:48"}
{"level":"info","message":"SQLite database initialized successfully","service":"devsync-backend","timestamp":"2025-10-31 11:59:48"}
{"level":"info","message":"WebSocket server initialized on /ws","service":"devsync-backend","timestamp":"2025-10-31 11:59:48"}
{"error":"listen EADDRINUSE: address already in use :::8787","level":"error","message":"Uncaught exception","service":"devsync-backend","stack":"Error: listen EADDRINUSE: address already in use :::8787\n    at Server.setupListenHandle [as _listen2] (node:net:1940:16)\n    at listenInCluster (node:net:1997:12)\n    at Server.listen (node:net:2102:7)\n    at file:///C:/Projects/DevSync/backend/server.js:85:8\n    at process.processTicksAndRejections (node:internal/process/task_queues:105:5)","timestamp":"2025-10-31 11:59:48"}
{"level":"info","message":"Initializing database schema...","service":"devsync-backend","timestamp":"2025-10-31 12:00:12"}
{"level":"info","message":"Database schema initialized successfully","service":"devsync-backend","timestamp":"2025-10-31 12:00:12"}
{"level":"warn","message":"JWT_SECRET not set in environment. Using random secret. This will invalidate tokens on restart!","service":"devsync-backend","timestamp":"2025-10-31 12:00:12"}
{"level":"info","message":"SQLite database initialized successfully","service":"devsync-backend","timestamp":"2025-10-31 12:00:12"}
{"level":"info","message":"WebSocket server initialized on /ws","service":"devsync-backend","timestamp":"2025-10-31 12:00:12"}
{"level":"info","message":"DevSync backend listening on http://localhost:8787","service":"devsync-backend","timestamp":"2025-10-31 12:00:12"}
{"level":"info","message":"WebSocket server available at ws://localhost:8787/ws","service":"devsync-backend","timestamp":"2025-10-31 12:00:12"}
{"error":"Bad escaped character in JSON at position 34 (line 1 column 35)","level":"error","message":"Unhandled error","service":"devsync-backend","stack":"SyntaxError: Bad escaped character in JSON at position 34 (line 1 column 35)\n    at JSON.parse (<anonymous>)\n    at parse (C:\\Projects\\DevSync\\backend\\node_modules\\body-parser\\lib\\types\\json.js:92:19)\n    at C:\\Projects\\DevSync\\backend\\node_modules\\body-parser\\lib\\read.js:128:18\n    at AsyncResource.runInAsyncScope (node:async_hooks:214:14)\n    at invokeCallback (C:\\Projects\\DevSync\\backend\\node_modules\\raw-body\\index.js:238:16)\n    at done (C:\\Projects\\DevSync\\backend\\node_modules\\raw-body\\index.js:227:7)\n    at IncomingMessage.onEnd (C:\\Projects\\DevSync\\backend\\node_modules\\raw-body\\index.js:287:7)\n    at IncomingMessage.emit (node:events:508:28)\n    at endReadableNT (node:internal/streams/readable:1701:12)\n    at process.processTicksAndRejections (node:internal/process/task_queues:90:21)","timestamp":"2025-10-31 12:00:19"}
{"error":"Unexpected token 'c', \"code:print\"... is not valid JSON","level":"error","message":"Unhandled error","service":"devsync-backend","stack":"SyntaxError: Unexpected token 'c', \"code:print\"... is not valid JSON\n    at JSON.parse (<anonymous>)\n    at createStrictSyntaxError (C:\\Projects\\DevSync\\backend\\node_modules\\body-parser\\lib\\types\\json.js:169:10)\n    at parse (C:\\Projects\\DevSync\\backend\\node_modules\\body-parser\\lib\\types\\json.js:86:15)\n    at C:\\Projects\\DevSync\\backend\\node_modules\\body-parser\\lib\\read.js:128:18\n    at AsyncResource.runInAsyncScope (node:async_hooks:214:14)\n    at invokeCallback (C:\\Projects\\DevSync\\backend\\node_modules\\raw-body\\index.js:238:16)\n    at done (C:\\Projects\\DevSync\\backend\\node_modules\\raw-body\\index.js:227:7)\n    at IncomingMessage.onEnd (C:\\Projects\\DevSync\\backend\\node_modules\\raw-body\\index.js:287:7)\n    at IncomingMessage.emit (node:events:508:28)\n    at endReadableNT (node:internal/streams/readable:1701:12)","timestamp":"2025-10-31 12:02:11"}
{"level":"info","message":"Initializing database schema...","service":"devsync-backend","timestamp":"2025-10-31 12:02:11"}
{"level":"info","message":"Database schema initialized successfully","service":"devsync-backend","timestamp":"2025-10-31 12:02:11"}
{"level":"warn","message":"JWT_SECRET not set in environment. Using random secret. This will invalidate tokens on restart!","service":"devsync-backend","timestamp":"2025-10-31 12:02:11"}
{"level":"info","message":"SQLite database initialized successfully","service":"devsync-backend","timestamp":"2025-10-31 12:02:11"}
{"level":"info","message":"WebSocket server initialized on /ws","service":"devsync-backend","timestamp":"2025-10-31 12:02:11"}
{"error":"listen EADDRINUSE: address already in use :::8787","level":"error","message":"Uncaught exception","service":"devsync-backend","stack":"Error: listen EADDRINUSE: address already in use :::8787\n    at Server.setupListenHandle [as _listen2] (node:net:1940:16)\n    at listenInCluster (node:net:1997:12)\n    at Server.listen (node:net:2102:7)\n    at file:///C:/Projects/DevSync/backend/server.js:85:8\n    at process.processTicksAndRejections (node:internal/process/task_queues:105:5)","timestamp":"2025-10-31 12:02:11"}
{"level":"info","message":"Initializing database schema...","service":"devsync-backend","timestamp":"2025-10-31 12:02:28"}
{"level":"info","message":"Database schema initialized successfully","service":"devsync-backend","timestamp":"2025-10-31 12:02:28"}
{"level":"warn","message":"JWT_SECRET not set in environment. Using random secret. This will invalidate tokens on restart!","service":"devsync-backend","timestamp":"2025-10-31 12:02:29"}
{"level":"info","message":"SQLite database initialized successfully","service":"devsync-backend","timestamp":"2025-10-31 12:02:29"}
{"level":"info","message":"WebSocket server initialized on /ws","service":"devsync-backend","timestamp":"2025-10-31 12:02:29"}
{"error":"listen EADDRINUSE: address already in use :::8787","level":"error","message":"Uncaught exception","service":"devsync-backend","stack":"Error: listen EADDRINUSE: address already in use :::8787\n    at Server.setupListenHandle [as _listen2] (node:net:1940:16)\n    at listenInCluster (node:net:1997:12)\n    at Server.listen (node:net:2102:7)\n    at file:///C:/Projects/DevSync/backend/server.js:85:8\n    at process.processTicksAndRejections (node:internal/process/task_queues:105:5)","timestamp":"2025-10-31 12:02:29"}
{"ip":"::1","level":"info","message":"POST /api/execution/run","service":"devsync-backend","timestamp":"2025-10-31 12:02:29"}
{"level":"info","message":"Executing python code from: C:\\Projects\\DevSync\\backend\\workspace\\main.py","service":"devsync-backend","timestamp":"2025-10-31 12:02:29"}
{"level":"info","message":"Initializing database schema...","service":"devsync-backend","timestamp":"2025-10-31 12:02:44"}
{"level":"info","message":"Database schema initialized successfully","service":"devsync-backend","timestamp":"2025-10-31 12:02:44"}
{"level":"warn","message":"JWT_SECRET not set in environment. Using random secret. This will invalidate tokens on restart!","service":"devsync-backend","timestamp":"2025-10-31 12:02:44"}
{"level":"info","message":"SQLite database initialized successfully","service":"devsync-backend","timestamp":"2025-10-31 12:02:44"}
{"level":"info","message":"WebSocket server initialized on /ws","service":"devsync-backend","timestamp":"2025-10-31 12:02:44"}
{"error":"listen EADDRINUSE: address already in use :::8787","level":"error","message":"Uncaught exception","service":"devsync-backend","stack":"Error: listen EADDRINUSE: address already in use :::8787\n    at Server.setupListenHandle [as _listen2] (node:net:1940:16)\n    at listenInCluster (node:net:1997:12)\n    at Server.listen (node:net:2102:7)\n    at file:///C:/Projects/DevSync/backend/server.js:85:8\n    at process.processTicksAndRejections (node:internal/process/task_queues:105:5)","timestamp":"2025-10-31 12:02:44"}
{"ip":"::1","level":"info","message":"POST /api/execution/run","service":"devsync-backend","timestamp":"2025-10-31 12:02:45"}
{"level":"info","message":"Created temporary file for execution: temp_1761937365259.py","service":"devsync-backend","timestamp":"2025-10-31 12:02:45"}
{"level":"info","message":"Executing python code from: C:\\Projects\\DevSync\\backend\\workspace\\temp_1761937365259.py","service":"devsync-backend","timestamp":"2025-10-31 12:02:45"}
{"level":"info","message":"Initializing database schema...","service":"devsync-backend","timestamp":"2025-10-31 14:02:23"}
{"level":"info","message":"Database schema initialized successfully","service":"devsync-backend","timestamp":"2025-10-31 14:02:23"}
{"level":"warn","message":"JWT_SECRET not set in environment. Using random secret. This will invalidate tokens on restart!","service":"devsync-backend","timestamp":"2025-10-31 14:02:23"}
{"level":"info","message":"SQLite database initialized successfully","service":"devsync-backend","timestamp":"2025-10-31 14:02:23"}
{"level":"info","message":"WebSocket server initialized on /ws","service":"devsync-backend","timestamp":"2025-10-31 14:02:23"}
{"level":"info","message":"DevSync backend listening on http://localhost:8787","service":"devsync-backend","timestamp":"2025-10-31 14:02:23"}
{"level":"info","message":"WebSocket server available at ws://localhost:8787/ws","service":"devsync-backend","timestamp":"2025-10-31 14:02:23"}
{"ip":"::1","level":"info","message":"GET /api/files/tree","service":"devsync-backend","timestamp":"2025-10-31 14:18:11"}
{"ip":"::1","level":"info","message":"GET /api/problems","service":"devsync-backend","timestamp":"2025-10-31 14:18:11"}
{"count":0,"level":"info","message":"Problems fetched","service":"devsync-backend","timestamp":"2025-10-31 14:18:11"}
{"level":"info","message":"Initializing database schema...","service":"devsync-backend","timestamp":"2025-10-31 14:21:57"}
{"level":"info","message":"Database schema initialized successfully","service":"devsync-backend","timestamp":"2025-10-31 14:21:57"}
{"level":"warn","message":"JWT_SECRET not set in environment. Using random secret. This will invalidate tokens on restart!","service":"devsync-backend","timestamp":"2025-10-31 14:21:57"}
{"level":"info","message":"SQLite database initialized successfully","service":"devsync-backend","timestamp":"2025-10-31 14:21:57"}
{"level":"info","message":"WebSocket server initialized on /ws","service":"devsync-backend","timestamp":"2025-10-31 14:21:57"}
{"error":"listen EADDRINUSE: address already in use :::8787","level":"error","message":"Uncaught exception","service":"devsync-backend","stack":"Error: listen EADDRINUSE: address already in use :::8787\n    at Server.setupListenHandle [as _listen2] (node:net:1940:16)\n    at listenInCluster (node:net:1997:12)\n    at Server.listen (node:net:2102:7)\n    at file:///C:/Projects/DevSync/backend/server.js:85:8\n    at process.processTicksAndRejections (node:internal/process/task_queues:105:5)","timestamp":"2025-10-31 14:21:57"}
{"level":"info","message":"Initializing database schema...","service":"devsync-backend","timestamp":"2025-10-31 14:23:16"}
{"level":"info","message":"Database schema initialized successfully","service":"devsync-backend","timestamp":"2025-10-31 14:23:16"}
{"level":"warn","message":"JWT_SECRET not set in environment. Using random secret. This will invalidate tokens on restart!","service":"devsync-backend","timestamp":"2025-10-31 14:23:16"}
{"level":"info","message":"SQLite database initialized successfully","service":"devsync-backend","timestamp":"2025-10-31 14:23:16"}
{"level":"info","message":"WebSocket server initialized on /ws","service":"devsync-backend","timestamp":"2025-10-31 14:23:16"}
{"level":"info","message":"DevSync backend listening on http://localhost:8787","service":"devsync-backend","timestamp":"2025-10-31 14:23:16"}
{"level":"info","message":"WebSocket server available at ws://localhost:8787/ws","service":"devsync-backend","timestamp":"2025-10-31 14:23:16"}
{"ip":"::1","level":"info","message":"GET /api/files/tree","service":"devsync-backend","timestamp":"2025-10-31 14:23:31"}
{"ip":"::1","level":"info","message":"GET /api/problems","service":"devsync-backend","timestamp":"2025-10-31 14:23:31"}
{"count":0,"level":"info","message":"Problems fetched","service":"devsync-backend","timestamp":"2025-10-31 14:23:31"}
{"ip":"::1","level":"info","message":"POST /api/files","service":"devsync-backend","timestamp":"2025-10-31 14:23:37"}
{"level":"info","message":"File created: main.py","service":"devsync-backend","timestamp":"2025-10-31 14:23:37"}
{"ip":"::1","level":"info","message":"GET /api/files/tree","service":"devsync-backend","timestamp":"2025-10-31 14:23:37"}
{"ip":"::1","level":"info","message":"GET /api/files","service":"devsync-backend","timestamp":"2025-10-31 14:23:37"}
{"ip":"::1","level":"info","message":"PUT /api/files","service":"devsync-backend","timestamp":"2025-10-31 14:23:42"}
{"level":"info","message":"File updated: main.py","service":"devsync-backend","timestamp":"2025-10-31 14:23:42"}
{"ip":"::1","level":"info","message":"PUT /api/files","service":"devsync-backend","timestamp":"2025-10-31 14:23:54"}
{"level":"info","message":"File updated: main.py","service":"devsync-backend","timestamp":"2025-10-31 14:23:55"}
{"ip":"::1","level":"info","message":"POST /api/execution/run","service":"devsync-backend","timestamp":"2025-10-31 14:23:55"}
{"level":"info","message":"Executing python code from: C:\\Projects\\DevSync\\backend\\workspace\\main.py","service":"devsync-backend","timestamp":"2025-10-31 14:23:55"}
{"ip":"::1","level":"info","message":"GET /api/files","service":"devsync-backend","timestamp":"2025-10-31 14:24:39"}
{"ip":"::1","level":"info","message":"GET /api/files","service":"devsync-backend","timestamp":"2025-10-31 14:24:40"}
{"ip":"::1","level":"info","message":"POST /api/execution/run","service":"devsync-backend","timestamp":"2025-10-31 14:24:42"}
{"level":"info","message":"Executing javascript code from: C:\\Projects\\DevSync\\backend\\workspace\\demo\\index.js","service":"devsync-backend","timestamp":"2025-10-31 14:24:42"}
{"ip":"::1","level":"info","message":"GET /api/files","service":"devsync-backend","timestamp":"2025-10-31 14:24:47"}
{"ip":"::1","level":"info","message":"GET /api/files","service":"devsync-backend","timestamp":"2025-10-31 14:24:48"}
{"ip":"::1","level":"info","message":"GET /api/files","service":"devsync-backend","timestamp":"2025-10-31 14:24:48"}
{"ip":"::1","level":"info","message":"GET /api/files","service":"devsync-backend","timestamp":"2025-10-31 14:24:49"}
{"ip":"::1","level":"info","message":"GET /api/files","service":"devsync-backend","timestamp":"2025-10-31 14:24:50"}
{"ip":"::1","level":"info","message":"POST /api/execution/run","service":"devsync-backend","timestamp":"2025-10-31 14:24:51"}
{"level":"info","message":"Executing python code from: C:\\Projects\\DevSync\\backend\\workspace\\temp_1761937365259.py","service":"devsync-backend","timestamp":"2025-10-31 14:24:51"}
{"ip":"::1","level":"info","message":"PUT /api/files","service":"devsync-backend","timestamp":"2025-10-31 14:25:02"}
{"level":"info","message":"File updated: temp_1761937365259.py","service":"devsync-backend","timestamp":"2025-10-31 14:25:02"}
{"ip":"::1","level":"info","message":"POST /api/execution/run","service":"devsync-backend","timestamp":"2025-10-31 14:25:02"}
{"level":"info","message":"Executing python code from: C:\\Projects\\DevSync\\backend\\workspace\\temp_1761937365259.py","service":"devsync-backend","timestamp":"2025-10-31 14:25:02"}
{"ip":"::1","level":"info","message":"GET /api/files/tree","service":"devsync-backend","timestamp":"2025-10-31 14:25:26"}
{"ip":"::1","level":"info","message":"GET /api/files","service":"devsync-backend","timestamp":"2025-10-31 14:25:33"}
{"ip":"::1","level":"info","message":"GET /api/files","service":"devsync-backend","timestamp":"2025-10-31 14:25:36"}
{"ip":"::1","level":"info","message":"GET /api/files","service":"devsync-backend","timestamp":"2025-10-31 14:25:42"}
{"ip":"::1","level":"info","message":"GET /api/files","service":"devsync-backend","timestamp":"2025-10-31 14:25:43"}
{"ip":"::1","level":"info","message":"GET /api/files","service":"devsync-backend","timestamp":"2025-10-31 14:25:45"}
{"ip":"::1","level":"info","message":"GET /api/files","service":"devsync-backend","timestamp":"2025-10-31 14:25:49"}
